<?xml version="1.0" encoding="UTF-8"?>
<!-- Generated by org.testng.reporters.JUnitReportReporter -->
<testsuite hostname="DESKTOP-0LAT1G8" failures="0" tests="5" name="com.test.GoogleTranslateTest" time="27.555" errors="0" timestamp="2023-07-15T17:04:31 IST" skipped="0">
  <testcase classname="com.test.GoogleTranslateTest" name="testTranslation" time="5.457"/>
  <system-out/>
  <testcase classname="com.test.GoogleTranslateTest" name="testTranslation" time="5.460"/>
  <system-out/>
  <testcase classname="com.test.GoogleTranslateTest" name="testTranslation" time="5.484"/>
  <system-out/>
  <testcase classname="com.test.GoogleTranslateTest" name="testTranslation" time="5.444"/>
  <system-out/>
  <testcase classname="com.test.GoogleTranslateTest" name="testTranslation" time="5.710"/>
  <system-out/>
</testsuite> <!-- com.test.GoogleTranslateTest -->
